
*** Running vivado
    with args -log AddSub.vds -m64 -product Vivado -mode batch -messageDb vivado.pb -notrace -source AddSub.tcl



****** Vivado v2025.1 (64-bit)
  **** SW Build 6140274 on Thu May 22 00:12:29 MDT 2025
  **** IP Build 6138677 on Thu May 22 03:10:11 MDT 2025
  **** SharedData Build 6139179 on Tue May 20 17:58:58 MDT 2025
  **** Start of session at: Fri Nov 14 15:33:46 2025
    ** Copyright 1986-2022 Xilinx, Inc. All Rights Reserved.
    ** Copyright 2022-2025 Advanced Micro Devices, Inc. All Rights Reserved.

source AddSub.tcl -notrace
Command: read_checkpoint -auto_incremental -incremental {D:/Labs/DCLabs/code/lab02 Full_Adder/Full_Adder.srcs/utils_1/imports/synth_1/Full_Adder.dcp}
INFO: [Vivado 12-5825] Read reference checkpoint from D:/Labs/DCLabs/code/lab02 Full_Adder/Full_Adder.srcs/utils_1/imports/synth_1/Full_Adder.dcp for incremental synthesis
INFO: [Vivado 12-7989] Please ensure there are no constraint changes
Command: synth_design -top AddSub -part xc7a100tcsg324-2L
Starting synth_design
Attempting to get a license for feature 'Synthesis' and/or device 'xc7a100t'
INFO: [Common 17-349] Got license for feature 'Synthesis' and/or device 'xc7a100t'
INFO: [Device 21-403] Loading part xc7a100tcsg324-2L
INFO: [Designutils 20-5440] No compile time benefit to using incremental synthesis; A full resynthesis will be run
INFO: [Designutils 20-4379] Flow is switching to default flow due to incremental criteria not met. If you would like to alter this behaviour and have the flow terminate instead, please set the following parameter config_implementation {autoIncr.Synth.RejectBehavior Terminate}
INFO: [Synth 8-7079] Multithreading enabled for synth_design using a maximum of 2 processes.
INFO: [Synth 8-7078] Launching helper process for spawning children vivado processes
INFO: [Synth 8-7075] Helper process launched with PID 21116
---------------------------------------------------------------------------------
Starting RTL Elaboration : Time (s): cpu = 00:00:04 ; elapsed = 00:00:04 . Memory (MB): peak = 1193.793 ; gain = 495.195
---------------------------------------------------------------------------------
INFO: [Synth 8-6157] synthesizing module 'AddSub' [D:/Labs/DCLabs/code/lab02 Full_Adder/Full_Adder.srcs/sources_1/new/AddSub.v:23]
INFO: [Synth 8-6157] synthesizing module 'FA_SC' [D:/Labs/DCLabs/code/lab02 Full_Adder/Full_Adder.srcs/sources_1/new/FA_SC.v:23]
INFO: [Synth 8-6157] synthesizing module 'CLA' [D:/Labs/DCLabs/code/lab02 Full_Adder/Full_Adder.srcs/sources_1/new/CLA.v:25]
INFO: [Synth 8-6155] done synthesizing module 'CLA' (0#1) [D:/Labs/DCLabs/code/lab02 Full_Adder/Full_Adder.srcs/sources_1/new/CLA.v:25]
INFO: [Synth 8-6157] synthesizing module 'Full_Adder' [D:/Labs/DCLabs/code/lab02 Full_Adder/Full_Adder.srcs/sources_1/new/Full_Adder.v:24]
INFO: [Synth 8-6155] done synthesizing module 'Full_Adder' (0#1) [D:/Labs/DCLabs/code/lab02 Full_Adder/Full_Adder.srcs/sources_1/new/Full_Adder.v:24]
INFO: [Synth 8-6155] done synthesizing module 'FA_SC' (0#1) [D:/Labs/DCLabs/code/lab02 Full_Adder/Full_Adder.srcs/sources_1/new/FA_SC.v:23]
INFO: [Synth 8-6155] done synthesizing module 'AddSub' (0#1) [D:/Labs/DCLabs/code/lab02 Full_Adder/Full_Adder.srcs/sources_1/new/AddSub.v:23]
WARNING: [Synth 8-7129] Port C[3] in module CLA is either unconnected or has no load
---------------------------------------------------------------------------------
Finished RTL Elaboration : Time (s): cpu = 00:00:05 ; elapsed = 00:00:05 . Memory (MB): peak = 1300.105 ; gain = 601.508
---------------------------------------------------------------------------------
---------------------------------------------------------------------------------
Start Handling Custom Attributes
---------------------------------------------------------------------------------
---------------------------------------------------------------------------------
Finished Handling Custom Attributes : Time (s): cpu = 00:00:05 ; elapsed = 00:00:05 . Memory (MB): peak = 1300.105 ; gain = 601.508
---------------------------------------------------------------------------------
---------------------------------------------------------------------------------
Finished RTL Optimization Phase 1 : Time (s): cpu = 00:00:05 ; elapsed = 00:00:05 . Memory (MB): peak = 1300.105 ; gain = 601.508
---------------------------------------------------------------------------------
Netlist sorting complete. Time (s): cpu = 00:00:00 ; elapsed = 00:00:00 . Memory (MB): peak = 1300.105 ; gain = 0.000
INFO: [Project 1-570] Preparing netlist for logic optimization

Processing XDC Constraints
Initializing timing engine
Parsing XDC File [D:/Labs/DCLabs/code/lab02 Full_Adder/Full_Adder.srcs/constrs_1/new/FA_SC.xdc]
Finished Parsing XDC File [D:/Labs/DCLabs/code/lab02 Full_Adder/Full_Adder.srcs/constrs_1/new/FA_SC.xdc]
INFO: [Project 1-236] Implementation specific constraints were found while reading constraint file [D:/Labs/DCLabs/code/lab02 Full_Adder/Full_Adder.srcs/constrs_1/new/FA_SC.xdc]. These constraints will be ignored for synthesis but will be used in implementation. Impacted constraints are listed in the file [.Xil/AddSub_propImpl.xdc].
Resolution: To avoid this warning, move constraints listed in [.Xil/AddSub_propImpl.xdc] to another XDC file and exclude this new file from synthesis with the used_in_synthesis property (File Properties dialog in GUI) and re-run elaboration/synthesis.
Completed Processing XDC Constraints

Netlist sorting complete. Time (s): cpu = 00:00:00 ; elapsed = 00:00:00 . Memory (MB): peak = 1375.074 ; gain = 0.000
INFO: [Project 1-111] Unisim Transformation Summary:
No Unisim elements were transformed.

Constraint Validation Runtime : Time (s): cpu = 00:00:00 ; elapsed = 00:00:00.001 . Memory (MB): peak = 1375.074 ; gain = 0.000
INFO: [Designutils 20-5440] No compile time benefit to using incremental synthesis; A full resynthesis will be run
INFO: [Designutils 20-4379] Flow is switching to default flow due to incremental criteria not met. If you would like to alter this behaviour and have the flow terminate instead, please set the following parameter config_implementation {autoIncr.Synth.RejectBehavior Terminate}
---------------------------------------------------------------------------------
Finished Constraint Validation : Time (s): cpu = 00:00:10 ; elapsed = 00:00:10 . Memory (MB): peak = 1375.074 ; gain = 676.477
---------------------------------------------------------------------------------
---------------------------------------------------------------------------------
Start Loading Part and Timing Information
---------------------------------------------------------------------------------
Loading part: xc7a100tcsg324-2L
---------------------------------------------------------------------------------
Finished Loading Part and Timing Information : Time (s): cpu = 00:00:10 ; elapsed = 00:00:10 . Memory (MB): peak = 1375.074 ; gain = 676.477
---------------------------------------------------------------------------------
---------------------------------------------------------------------------------
Start Applying 'set_property' XDC Constraints
---------------------------------------------------------------------------------
---------------------------------------------------------------------------------
Finished applying 'set_property' XDC Constraints : Time (s): cpu = 00:00:10 ; elapsed = 00:00:11 . Memory (MB): peak = 1375.074 ; gain = 676.477
---------------------------------------------------------------------------------
---------------------------------------------------------------------------------
Finished RTL Optimization Phase 2 : Time (s): cpu = 00:00:10 ; elapsed = 00:00:11 . Memory (MB): peak = 1375.074 ; gain = 676.477
---------------------------------------------------------------------------------
---------------------------------------------------------------------------------
Start RTL Component Statistics 
---------------------------------------------------------------------------------
Detailed RTL Component Info : 
+---XORs : 
	   2 Input      4 Bit         XORs := 1     
	   2 Input      1 Bit         XORs := 8     
---------------------------------------------------------------------------------
Finished RTL Component Statistics 
---------------------------------------------------------------------------------
---------------------------------------------------------------------------------
Start Part Resource Summary
---------------------------------------------------------------------------------
Part Resources:
DSPs: 240 (col length:80)
BRAMs: 270 (col length: RAMB18 80 RAMB36 40)
---------------------------------------------------------------------------------
Finished Part Resource Summary
---------------------------------------------------------------------------------
---------------------------------------------------------------------------------
Start Cross Boundary and Area Optimization
---------------------------------------------------------------------------------
WARNING: [Synth 8-7080] Parallel synthesis criteria is not met
---------------------------------------------------------------------------------
Finished Cross Boundary and Area Optimization : Time (s): cpu = 00:00:12 ; elapsed = 00:00:12 . Memory (MB): peak = 1375.074 ; gain = 676.477
---------------------------------------------------------------------------------
---------------------------------------------------------------------------------
Start Applying XDC Timing Constraints
---------------------------------------------------------------------------------
---------------------------------------------------------------------------------
Finished Applying XDC Timing Constraints : Time (s): cpu = 00:00:15 ; elapsed = 00:00:15 . Memory (MB): peak = 1504.086 ; gain = 805.488
---------------------------------------------------------------------------------
---------------------------------------------------------------------------------
Start Timing Optimization
---------------------------------------------------------------------------------
---------------------------------------------------------------------------------
Finished Timing Optimization : Time (s): cpu = 00:00:15 ; elapsed = 00:00:15 . Memory (MB): peak = 1504.160 ; gain = 805.562
---------------------------------------------------------------------------------
---------------------------------------------------------------------------------
Start Technology Mapping
---------------------------------------------------------------------------------
---------------------------------------------------------------------------------
Finished Technology Mapping : Time (s): cpu = 00:00:15 ; elapsed = 00:00:15 . Memory (MB): peak = 1513.793 ; gain = 815.195
---------------------------------------------------------------------------------
---------------------------------------------------------------------------------
Start IO Insertion
---------------------------------------------------------------------------------
---------------------------------------------------------------------------------
Start Flattening Before IO Insertion
---------------------------------------------------------------------------------
---------------------------------------------------------------------------------
Finished Flattening Before IO Insertion
---------------------------------------------------------------------------------
---------------------------------------------------------------------------------
Start Final Netlist Cleanup
---------------------------------------------------------------------------------
---------------------------------------------------------------------------------
Finished Final Netlist Cleanup
---------------------------------------------------------------------------------
---------------------------------------------------------------------------------
Finished IO Insertion : Time (s): cpu = 00:00:18 ; elapsed = 00:00:18 . Memory (MB): peak = 1749.242 ; gain = 1050.645
---------------------------------------------------------------------------------
---------------------------------------------------------------------------------
Start Renaming Generated Instances
---------------------------------------------------------------------------------
---------------------------------------------------------------------------------
Finished Renaming Generated Instances : Time (s): cpu = 00:00:18 ; elapsed = 00:00:18 . Memory (MB): peak = 1749.242 ; gain = 1050.645
---------------------------------------------------------------------------------
---------------------------------------------------------------------------------
Start Rebuilding User Hierarchy
---------------------------------------------------------------------------------
---------------------------------------------------------------------------------
Finished Rebuilding User Hierarchy : Time (s): cpu = 00:00:18 ; elapsed = 00:00:18 . Memory (MB): peak = 1749.242 ; gain = 1050.645
---------------------------------------------------------------------------------
---------------------------------------------------------------------------------
Start Renaming Generated Ports
---------------------------------------------------------------------------------
---------------------------------------------------------------------------------
Finished Renaming Generated Ports : Time (s): cpu = 00:00:18 ; elapsed = 00:00:18 . Memory (MB): peak = 1749.242 ; gain = 1050.645
---------------------------------------------------------------------------------
---------------------------------------------------------------------------------
Start Handling Custom Attributes
---------------------------------------------------------------------------------
---------------------------------------------------------------------------------
Finished Handling Custom Attributes : Time (s): cpu = 00:00:18 ; elapsed = 00:00:18 . Memory (MB): peak = 1749.242 ; gain = 1050.645
---------------------------------------------------------------------------------
---------------------------------------------------------------------------------
Start Renaming Generated Nets
---------------------------------------------------------------------------------
---------------------------------------------------------------------------------
Finished Renaming Generated Nets : Time (s): cpu = 00:00:18 ; elapsed = 00:00:18 . Memory (MB): peak = 1749.242 ; gain = 1050.645
---------------------------------------------------------------------------------
---------------------------------------------------------------------------------
Start Writing Synthesis Report
---------------------------------------------------------------------------------

Report BlackBoxes: 
+-+--------------+----------+
| |BlackBox name |Instances |
+-+--------------+----------+
+-+--------------+----------+

Report Cell Usage: 
+------+-----+------+
|      |Cell |Count |
+------+-----+------+
|1     |LUT2 |     1|
|2     |LUT4 |     1|
|3     |LUT5 |     2|
|4     |LUT6 |     2|
|5     |IBUF |     9|
|6     |OBUF |     5|
+------+-----+------+
---------------------------------------------------------------------------------
Finished Writing Synthesis Report : Time (s): cpu = 00:00:18 ; elapsed = 00:00:18 . Memory (MB): peak = 1749.242 ; gain = 1050.645
---------------------------------------------------------------------------------
Synthesis finished with 0 errors, 0 critical warnings and 1 warnings.
Synthesis Optimization Runtime : Time (s): cpu = 00:00:12 ; elapsed = 00:00:17 . Memory (MB): peak = 1749.242 ; gain = 975.676
Synthesis Optimization Complete : Time (s): cpu = 00:00:18 ; elapsed = 00:00:18 . Memory (MB): peak = 1749.242 ; gain = 1050.645
INFO: [Project 1-571] Translating synthesized netlist
Netlist sorting complete. Time (s): cpu = 00:00:00 ; elapsed = 00:00:00 . Memory (MB): peak = 1749.242 ; gain = 0.000
INFO: [Project 1-570] Preparing netlist for logic optimization
INFO: [Opt 31-138] Pushed 0 inverter(s) to 0 load pin(s).
Netlist sorting complete. Time (s): cpu = 00:00:00 ; elapsed = 00:00:00 . Memory (MB): peak = 1749.242 ; gain = 0.000
INFO: [Project 1-111] Unisim Transformation Summary:
No Unisim elements were transformed.

Synth Design complete | Checksum: 8423bc94
INFO: [Common 17-83] Releasing license: Synthesis
27 Infos, 2 Warnings, 0 Critical Warnings and 0 Errors encountered.
synth_design completed successfully
synth_design: Time (s): cpu = 00:00:20 ; elapsed = 00:00:23 . Memory (MB): peak = 1749.242 ; gain = 1249.660
Write ShapeDB Complete: Time (s): cpu = 00:00:00 ; elapsed = 00:00:00.001 . Memory (MB): peak = 1749.242 ; gain = 0.000
INFO: [Common 17-1381] The checkpoint 'D:/Labs/DCLabs/code/lab02 Full_Adder/Full_Adder.runs/synth_1/AddSub.dcp' has been generated.
INFO: [Vivado 12-24828] Executing command : report_utilization -file AddSub_utilization_synth.rpt -pb AddSub_utilization_synth.pb
INFO: [Common 17-206] Exiting Vivado at Fri Nov 14 15:34:18 2025...
