Copyright 1986-2022 Xilinx, Inc. All Rights Reserved. Copyright 2022-2025 Advanced Micro Devices, Inc. All Rights Reserved.
--------------------------------------------------------------------------------------------------------------------------------------------------------
| Tool Version : Vivado v.2025.1 (win64) Build 6140274 Thu May 22 00:12:29 MDT 2025
| Date         : Fri Nov 21 15:16:18 2025
| Host         : DESKTOP-800PLQ8 running 64-bit major release  (build 9200)
| Command      : report_methodology -file MUX8_1_methodology_drc_routed.rpt -pb MUX8_1_methodology_drc_routed.pb -rpx MUX8_1_methodology_drc_routed.rpx
| Design       : MUX8_1
| Device       : xc7a100tlcsg324-2L
| Speed File   : -2L
| Design State : Fully Routed
--------------------------------------------------------------------------------------------------------------------------------------------------------

Report Methodology

Table of Contents
-----------------
1. REPORT SUMMARY
2. REPORT DETAILS

1. REPORT SUMMARY
-----------------
            Netlist: netlist
          Floorplan: design_1
      Design limits: <entire design considered>
             Max checks: <unlimited>
             Checks found: 0
+------+----------+-------------+--------+
| Rule | Severity | Description | Checks |
+------+----------+-------------+--------+
+------+----------+-------------+--------+

2. REPORT DETAILS
-----------------

