Copyright 1986-2022 Xilinx, Inc. All Rights Reserved. Copyright 2022-2025 Advanced Micro Devices, Inc. All Rights Reserved.
---------------------------------------------------------------------------------------------------------------------------------------------
| Tool Version : Vivado v.2025.1 (win64) Build 6140274 Thu May 22 00:12:29 MDT 2025
| Date         : Sun Nov 30 10:55:44 2025
| Host         : DESKTOP-800PLQ8 running 64-bit major release  (build 9200)
| Command      : report_drc -file buttonDebouncing_drc_routed.rpt -pb buttonDebouncing_drc_routed.pb -rpx buttonDebouncing_drc_routed.rpx
| Design       : buttonDebouncing
| Device       : xc7a100tlcsg324-2L
| Speed File   : -2L
| Design State : Fully Routed
---------------------------------------------------------------------------------------------------------------------------------------------

Report DRC

Table of Contents
-----------------
1. REPORT SUMMARY
2. REPORT DETAILS

1. REPORT SUMMARY
-----------------
            Netlist: netlist
          Floorplan: design_1
      Design limits: <entire design considered>
           Ruledeck: default
             Max checks: <unlimited>
             Checks found: 4
+-------------+----------+-------------------------------------------------------------+--------+
| Rule        | Severity | Description                                                 | Checks |
+-------------+----------+-------------------------------------------------------------+--------+
| CFGBVS-1    | Warning  | Missing CFGBVS and CONFIG_VOLTAGE Design Properties         | 1      |
| PDRC-153    | Warning  | Gated clock check                                           | 2      |
| PLHOLDVIO-2 | Warning  | Non-Optimal connections which could lead to hold violations | 1      |
+-------------+----------+-------------------------------------------------------------+--------+

2. REPORT DETAILS
-----------------
CFGBVS-1#1 Warning
Missing CFGBVS and CONFIG_VOLTAGE Design Properties  
Neither the CFGBVS nor CONFIG_VOLTAGE voltage property is set in the current_design.  Configuration bank voltage select (CFGBVS) must be set to VCCO or GND, and CONFIG_VOLTAGE must be set to the correct configuration voltage, in order to determine the I/O voltage support for the pins in bank 0.  It is suggested to specify these either using the 'Edit Device Properties' function in the GUI or directly in the XDC file using the following syntax:

 set_property CFGBVS value1 [current_design]
 #where value1 is either VCCO or GND

 set_property CONFIG_VOLTAGE value2 [current_design]
 #where value2 is the voltage provided to configuration bank 0

Refer to the device configuration user guide for more information.
Related violations: <none>

PDRC-153#1 Warning
Gated clock check  
Net debouncing/CLK is a gated clock net sourced by a combinational pin debouncing/led_out[7]_i_1/O, cell debouncing/led_out[7]_i_1. This is not good design practice and will likely impact performance. For SLICE registers, for example, use the CE pin to control the loading of data.
Related violations: <none>

PDRC-153#2 Warning
Gated clock check  
Net debouncing/ST_reg[1]_LDC_i_1_n_0 is a gated clock net sourced by a combinational pin debouncing/ST_reg[1]_LDC_i_1/O, cell debouncing/ST_reg[1]_LDC_i_1. This is not good design practice and will likely impact performance. For SLICE registers, for example, use the CE pin to control the loading of data.
Related violations: <none>

PLHOLDVIO-2#1 Warning
Non-Optimal connections which could lead to hold violations  
A LUT debouncing/led_out[7]_i_1 is driving clock pin of 16 cells. This could lead to large hold time violations. Involved cells are:
shifter/led_out_reg[0], shifter/led_out_reg[0]_lopt_replica,
shifter/led_out_reg[1], shifter/led_out_reg[1]_lopt_replica,
shifter/led_out_reg[2], shifter/led_out_reg[2]_lopt_replica,
shifter/led_out_reg[3], shifter/led_out_reg[3]_lopt_replica,
shifter/led_out_reg[4], shifter/led_out_reg[4]_lopt_replica,
shifter/led_out_reg[5], shifter/led_out_reg[5]_lopt_replica,
shifter/led_out_reg[6], shifter/led_out_reg[6]_lopt_replica,
shifter/led_out_reg[7] (the first 15 of 16 listed)
Related violations: <none>


